生成启动时间为 2021/10/20 18:28:08。
     1>项目“D:\VS2010_lianxi\Contact\Contact\Contact.vcxproj”在节点 2 上(build 个目标)。
     1>InitializeBuildStatus:
         正在创建“Debug\Contact.unsuccessfulbuild”，因为已指定“AlwaysCreate”。
       ClCompile:
         d:\VS2010\VC\bin\CL.exe /c /ZI /nologo /W3 /WX- /Od /Oy- /D _MBCS /Gm /EHsc /RTC1 /MDd /GS /fp:precise /Zc:wchar_t /Zc:forScope /Fo"Debug\\" /Fd"Debug\vc100.pdb" /Gd /TC /analyze- /errorReport:prompt Contact.c
         Contact.c
       Link:
         d:\VS2010\VC\bin\link.exe /ERRORREPORT:PROMPT /OUT:"D:\VS2010_lianxi\Contact\Debug\Contact.exe" /NOLOGO kernel32.lib user32.lib gdi32.lib winspool.lib comdlg32.lib advapi32.lib shell32.lib ole32.lib oleaut32.lib uuid.lib odbc32.lib odbccp32.lib /MANIFEST /ManifestFile:"Debug\Contact.exe.intermediate.manifest" /MANIFESTUAC:"level='asInvoker' uiAccess='false'" /DEBUG /PDB:"D:\VS2010_lianxi\Contact\Debug\Contact.pdb" /TLBID:1 /DYNAMICBASE /NXCOMPAT /IMPLIB:"D:\VS2010_lianxi\Contact\Debug\Contact.lib" /MACHINE:X86 Debug\Contact.obj
         Debug\test.obj
         LINK : 没有找到 D:\VS2010_lianxi\Contact\Debug\Contact.exe 或上一个增量链接没有生成它；正在执行完全链接
         Contact.vcxproj -> D:\VS2010_lianxi\Contact\Debug\Contact.exe
       Manifest:
         C:\Program Files (x86)\Microsoft SDKs\Windows\v7.0A\bin\mt.exe /nologo /verbose /outputresource:"D:\VS2010_lianxi\Contact\Debug\Contact.exe;#1" /manifest Debug\Contact.exe.intermediate.manifest
       FinalizeBuildStatus:
         正在删除文件“Debug\Contact.unsuccessfulbuild”。
         正在对“Debug\Contact.lastbuildstate”执行 Touch 任务。
     1>已完成生成项目“D:\VS2010_lianxi\Contact\Contact\Contact.vcxproj”(build 个目标)的操作。

生成成功。

已用时间 00:00:00.45
